<?xml version="1.0" encoding="UTF-8"?>
<!-- Generated by org.testng.reporters.JUnitReportReporter -->
<testsuite skipped="0" hostname="DESKTOP-MP9K177" name="org.demoProject.com.TC01" tests="1" failures="0" timestamp="09 Apr 2021 14:50:27 GMT" time="8.968" errors="0">
  <testcase name="testCase01" time="8.968" classname="org.demoProject.com.TC01"/>
</testsuite> <!-- org.demoProject.com.TC01 -->
